<?xml version="1.0" encoding="UTF-8"?>
<!-- Generated by org.testng.reporters.JUnitXMLReporter -->
<testsuite hostname="DESKTOP-FBIF53O" ignored="0" name="Test" tests="4" failures="0" timestamp="06 Feb 2019 12:46:20 GMT" time="44.48" errors="0">
  <testcase name="Verifycoursecount" time="0.185" classname="testCases.HomePageCourseTest"/>
  <testcase name="Verifycoursetext" time="1.029" classname="testCases.HomePageCourseTest"/>
  <testcase name="Verifylinkworking" time="13.357" classname="testCases.HomePageCourseTest"/>
  <testcase name="Verifycoursesbutton" time="6.103" classname="testCases.HomePageCourseTest"/>
</testsuite> <!-- Test -->
